  main.cpp
main.cpp(172): warning C4244: 'argument': conversion from 'time_t' to 'unsigned int', possible loss of data
main.cpp(186): warning C4244: 'initializing': conversion from 'sf::Int64' to 'float', possible loss of data
main.obj : error LNK2001: unresolved external symbol "public: static class sf::RenderStates const sf::RenderStates::Default" (?Default@RenderStates@sf@@2V12@B)
main.obj : error LNK2001: unresolved external symbol "public: class sf::Time __thiscall sf::Clock::restart(void)" (?restart@Clock@sf@@QAE?AVTime@2@XZ)
main.obj : error LNK2001: unresolved external symbol "public: class sf::Time __thiscall sf::Clock::getElapsedTime(void)const " (?getElapsedTime@Clock@sf@@QBE?AVTime@2@XZ)
main.obj : error LNK2001: unresolved external symbol "public: __thiscall sf::Clock::Clock(void)" (??0Clock@sf@@QAE@XZ)
main.obj : error LNK2001: unresolved external symbol "public: static class sf::Color const sf::Color::White" (?White@Color@sf@@2V12@B)
main.obj : error LNK2001: unresolved external symbol "public: __int64 __thiscall sf::Time::asMicroseconds(void)const " (?asMicroseconds@Time@sf@@QBE_JXZ)
main.obj : error LNK2001: unresolved external symbol "public: int __thiscall sf::Time::asMilliseconds(void)const " (?asMilliseconds@Time@sf@@QBEHXZ)
main.obj : error LNK2001: unresolved external symbol "public: void __thiscall sf::Transformable::rotate(float)" (?rotate@Transformable@sf@@QAEXM@Z)
main.obj : error LNK2001: unresolved external symbol "public: void __thiscall sf::Transformable::setPosition(float,float)" (?setPosition@Transformable@sf@@QAEXMM@Z)
main.obj : error LNK2001: unresolved external symbol "public: virtual __thiscall sf::Transformable::~Transformable(void)" (??1Transformable@sf@@UAE@XZ)
main.obj : error LNK2001: unresolved external symbol "public: bool __thiscall sf::Texture::loadFromImage(class sf::Image const &,class sf::Rect<int> const &)" (?loadFromImage@Texture@sf@@QAE_NABVImage@2@ABV?$Rect@H@2@@Z)
main.obj : error LNK2001: unresolved external symbol "public: __thiscall sf::Texture::~Texture(void)" (??1Texture@sf@@QAE@XZ)
main.obj : error LNK2001: unresolved external symbol "public: __thiscall sf::Texture::Texture(void)" (??0Texture@sf@@QAE@XZ)
main.obj : error LNK2001: unresolved external symbol "public: bool __thiscall sf::Font::loadFromFile(class std::basic_string<char,struct std::char_traits<char>,class std::allocator<char> > const &)" (?loadFromFile@Font@sf@@QAE_NABV?$basic_string@DU?$char_traits@D@std@@V?$allocator@D@2@@std@@@Z)
main.obj : error LNK2001: unresolved external symbol "public: __thiscall sf::Font::~Font(void)" (??1Font@sf@@QAE@XZ)
main.obj : error LNK2001: unresolved external symbol "public: __thiscall sf::Font::Font(void)" (??0Font@sf@@QAE@XZ)
main.obj : error LNK2001: unresolved external symbol "public: virtual __thiscall sf::RenderWindow::~RenderWindow(void)" (??1RenderWindow@sf@@UAE@XZ)
main.obj : error LNK2001: unresolved external symbol "public: __thiscall sf::RenderWindow::RenderWindow(class sf::VideoMode,class sf::String const &,unsigned int,struct sf::ContextSettings const &)" (??0RenderWindow@sf@@QAE@VVideoMode@1@ABVString@1@IABUContextSettings@1@@Z)
main.obj : error LNK2001: unresolved external symbol "public: __thiscall sf::Color::Color(unsigned char,unsigned char,unsigned char,unsigned char)" (??0Color@sf@@QAE@EEEE@Z)
main.obj : error LNK2001: unresolved external symbol "public: bool __thiscall sf::Image::loadFromFile(class std::basic_string<char,struct std::char_traits<char>,class std::allocator<char> > const &)" (?loadFromFile@Image@sf@@QAE_NABV?$basic_string@DU?$char_traits@D@std@@V?$allocator@D@2@@std@@@Z)
main.obj : error LNK2001: unresolved external symbol "public: __thiscall sf::Image::~Image(void)" (??1Image@sf@@QAE@XZ)
main.obj : error LNK2001: unresolved external symbol "public: __thiscall sf::Image::Image(void)" (??0Image@sf@@QAE@XZ)
main.obj : error LNK2001: unresolved external symbol "public: static class sf::Color const sf::Color::Black" (?Black@Color@sf@@2V12@B)
main.obj : error LNK2001: unresolved external symbol "public: void __thiscall sf::Window::display(void)" (?display@Window@sf@@QAEXXZ)
main.obj : error LNK2001: unresolved external symbol "public: void __thiscall sf::Window::setFramerateLimit(unsigned int)" (?setFramerateLimit@Window@sf@@QAEXI@Z)
main.obj : error LNK2001: unresolved external symbol "public: bool __thiscall sf::Window::pollEvent(class sf::Event &)" (?pollEvent@Window@sf@@QAE_NAAVEvent@2@@Z)
main.obj : error LNK2001: unresolved external symbol "public: bool __thiscall sf::Window::isOpen(void)const " (?isOpen@Window@sf@@QBE_NXZ)
main.obj : error LNK2001: unresolved external symbol "public: void __thiscall sf::Window::close(void)" (?close@Window@sf@@QAEXXZ)
main.obj : error LNK2001: unresolved external symbol "public: void __thiscall sf::RenderTarget::draw(class sf::Drawable const &,class sf::RenderStates const &)" (?draw@RenderTarget@sf@@QAEXABVDrawable@2@ABVRenderStates@2@@Z)
main.obj : error LNK2001: unresolved external symbol "public: void __thiscall sf::RenderTarget::clear(class sf::Color const &)" (?clear@RenderTarget@sf@@QAEXABVColor@2@@Z)
main.obj : error LNK2001: unresolved external symbol "public: static bool __cdecl sf::Keyboard::isKeyPressed(enum sf::Keyboard::Key)" (?isKeyPressed@Keyboard@sf@@SA_NW4Key@12@@Z)
main.obj : error LNK2001: unresolved external symbol "public: __thiscall sf::String::String(char const *,class std::locale const &)" (??0String@sf@@QAE@PBDABVlocale@std@@@Z)
main.obj : error LNK2001: unresolved external symbol "public: __thiscall sf::String::String(class std::basic_string<char,struct std::char_traits<char>,class std::allocator<char> > const &,class std::locale const &)" (??0String@sf@@QAE@ABV?$basic_string@DU?$char_traits@D@std@@V?$allocator@D@2@@std@@ABVlocale@3@@Z)
main.obj : error LNK2001: unresolved external symbol "public: __thiscall sf::VideoMode::VideoMode(unsigned int,unsigned int,unsigned int)" (??0VideoMode@sf@@QAE@III@Z)
main.obj : error LNK2001: unresolved external symbol "private: virtual void __thiscall sf::Sprite::draw(class sf::RenderTarget &,class sf::RenderStates)const " (?draw@Sprite@sf@@EBEXAAVRenderTarget@2@VRenderStates@2@@Z)
main.obj : error LNK2001: unresolved external symbol "public: class sf::Rect<float> __thiscall sf::Sprite::getGlobalBounds(void)const " (?getGlobalBounds@Sprite@sf@@QBE?AV?$Rect@M@2@XZ)
main.obj : error LNK2001: unresolved external symbol "public: void __thiscall sf::Sprite::setTexture(class sf::Texture const &,bool)" (?setTexture@Sprite@sf@@QAEXABVTexture@2@_N@Z)
main.obj : error LNK2001: unresolved external symbol "public: __thiscall sf::Sprite::Sprite(void)" (??0Sprite@sf@@QAE@XZ)
main.obj : error LNK2001: unresolved external symbol "public: void __thiscall sf::Text::setOutlineThickness(float)" (?setOutlineThickness@Text@sf@@QAEXM@Z)
main.obj : error LNK2001: unresolved external symbol "public: void __thiscall sf::Text::setOutlineColor(class sf::Color const &)" (?setOutlineColor@Text@sf@@QAEXABVColor@2@@Z)
main.obj : error LNK2001: unresolved external symbol "public: void __thiscall sf::Text::setColor(class sf::Color const &)" (?setColor@Text@sf@@QAEXABVColor@2@@Z)
main.obj : error LNK2001: unresolved external symbol "public: void __thiscall sf::Text::setString(class sf::String const &)" (?setString@Text@sf@@QAEXABVString@2@@Z)
main.obj : error LNK2001: unresolved external symbol "public: __thiscall sf::Text::Text(class sf::String const &,class sf::Font const &,unsigned int)" (??0Text@sf@@QAE@ABVString@1@ABVFont@1@I@Z)
D:\MyProgramm\Project1\Release\Project1.exe : fatal error LNK1120: 43 unresolved externals
